\BOOKMARK [0][-]{chapter*.2}{Abbildungsverzeichnis}{}% 1
\BOOKMARK [0][-]{chapter*.3}{Abk\374rzungen}{}% 2
\BOOKMARK [0][-]{chapter.1}{Einleitung}{}% 3
\BOOKMARK [0][-]{chapter.2}{Hintergr\374nde zu Virtual und Augmented Reality?}{}% 4
\BOOKMARK [0][-]{chapter.3}{\334bersicht ausgew\344hlter VR/AR Projekte}{}% 5
\BOOKMARK [1][-]{section.3.1}{LifeClipper2}{chapter.3}% 6
\BOOKMARK [1][-]{section.3.2}{Schweissmaske der Zukunft}{chapter.3}% 7
\BOOKMARK [1][-]{section.3.3}{Panzer aus Glas}{chapter.3}% 8
\BOOKMARK [1][-]{section.3.4}{AR f\374r Blinde}{chapter.3}% 9
\BOOKMARK [0][-]{chapter.4}{State of the art VR/AR-Technologie}{}% 10
\BOOKMARK [1][-]{section.4.1}{Formen von AR}{chapter.4}% 11
\BOOKMARK [1][-]{section.4.2}{Head Mounted Displays}{chapter.4}% 12
\BOOKMARK [1][-]{section.4.3}{Weitere Ausgabeger\344te f\374r VR/AR}{chapter.4}% 13
\BOOKMARK [1][-]{section.4.4}{Positional Tracking}{chapter.4}% 14
\BOOKMARK [0][-]{chapter.5}{Virtual and Augmented Reality Town}{}% 15
\BOOKMARK [1][-]{section.5.1}{Einf\374hrung}{chapter.5}% 16
\BOOKMARK [1][-]{section.5.2}{Kreieren des virtuellen Terrains}{chapter.5}% 17
\BOOKMARK [1][-]{section.5.3}{Hinzuf\374gen des Spielerobjekts}{chapter.5}% 18
\BOOKMARK [1][-]{section.5.4}{AR Town}{chapter.5}% 19
\BOOKMARK [0][-]{chapter.6}{Einblicke in Programmiertechniken}{}% 20
\BOOKMARK [1][-]{section.6.1}{Kurzer \334berblick in Unity}{chapter.6}% 21
\BOOKMARK [1][-]{section.6.2}{Use-Case: Hinzuf\374gen einer Br\374cke}{chapter.6}% 22
\BOOKMARK [0][-]{chapter.7}{Schlusswort}{}% 23
\BOOKMARK [0][-]{chapter.8}{Anhang}{}% 24
\BOOKMARK [1][-]{section.8.1}{TileGrabber}{chapter.8}% 25
\BOOKMARK [1][-]{section.8.2}{Flugmodus}{chapter.8}% 26
\BOOKMARK [0][-]{chapter*.11}{Literaturverzeichnis}{}% 27
